This run started at: 
The zcsahd version is: Zcash Daemon version v2.1.0-1-4deafdf34

In order to ensure you are adequately protecting your privacy when using Zcash,
please see <https://z.cash/support/security/>.

Copyright (C) 2009-2020 The Bitcoin Core Developers
Copyright (C) 2015-2020 The Zcash Developers

This is experimental software.

Distributed under the MIT software license, see the accompanying file COPYING
or <https://www.opensource.org/licenses/mit-license.php>.

This product includes software developed by the OpenSSL Project for use in the
OpenSSL Toolkit <https://www.openssl.org/> and cryptographic software written
by Eric Young.
1578963101
=== Running testscript wallet_listnotes.py ===
  File "/home/pherder/zcashes/python_upgrade/qa/rpc-tests/test_framework/test_framework.py", line 121, in main
    self.run_test()
  File "/home/pherder/zcashes/python_upgrade/qa/rpc-tests/wallet_listnotes.py", line 79, in run_test
    assert_equal(len(unspent_tx), 2)
  File "/home/pherder/zcashes/python_upgrade/qa/rpc-tests/test_framework/util.py", line 388, in assert_equal
    raise AssertionError("(left == right)%s\n  left: <%s>\n right: <%s>" % (message, str(expected), str(actual)))
Initializing test directory /tmp/testu0o63aco
waiting for async operation opid-434a623e-986e-457a-a4d1-370f50f2197d
waiting for async operation opid-c61e2f0d-a310-493e-a4bb-a34726939561
Assertion failed: (left == right)
  left: <0>
 right: <2>
Stopping nodes
Cleaning up
Failed
!!! FAIL: wallet_listnotes.py (140s) !!!



Tests completed: 1
successes 0; failures: 1

Failing tests: wallet_listnotes.py
=== Running testscript wallet_listnotes.py ===
Initializing test directory /tmp/testwy8hdfcf
waiting for async operation opid-d5550ebf-6b63-4e03-9aca-dfe00f28a1e3
waiting for async operation opid-5aac1224-637e-4396-95a1-37b433c2a600
waiting for async operation opid-dfe10644-8166-48e7-9cbb-05dd03a03d6f
Stopping nodes
Cleaning up
Tests successful
--- Success: wallet_listnotes.py (145s) ---



Tests completed: 1
successes 1; failures: 0
=== Running testscript wallet_listnotes.py ===
  File "/home/pherder/zcashes/python_upgrade/qa/rpc-tests/test_framework/test_framework.py", line 121, in main
    self.run_test()
  File "/home/pherder/zcashes/python_upgrade/qa/rpc-tests/wallet_listnotes.py", line 114, in run_test
    assert_equal(3, len(unspent_tx))
  File "/home/pherder/zcashes/python_upgrade/qa/rpc-tests/test_framework/util.py", line 388, in assert_equal
    raise AssertionError("(left == right)%s\n  left: <%s>\n right: <%s>" % (message, str(expected), str(actual)))
Initializing test directory /tmp/testbfcsyuj3
waiting for async operation opid-07a40be6-6cb2-47b7-a883-81e19299fb94
waiting for async operation opid-8be1ee5a-70ba-44a5-bca5-38dac62952b7
waiting for async operation opid-a287b100-79ae-495c-b05e-c3b8c7636b01
Assertion failed: (left == right)
  left: <3>
 right: <2>
Stopping nodes
Cleaning up
Failed
!!! FAIL: wallet_listnotes.py (147s) !!!



Tests completed: 1
successes 0; failures: 1

Failing tests: wallet_listnotes.py
=== Running testscript wallet_listnotes.py ===
  File "/home/pherder/zcashes/python_upgrade/qa/rpc-tests/test_framework/test_framework.py", line 121, in main
    self.run_test()
  File "/home/pherder/zcashes/python_upgrade/qa/rpc-tests/wallet_listnotes.py", line 114, in run_test
    assert_equal(3, len(unspent_tx))
  File "/home/pherder/zcashes/python_upgrade/qa/rpc-tests/test_framework/util.py", line 388, in assert_equal
    raise AssertionError("(left == right)%s\n  left: <%s>\n right: <%s>" % (message, str(expected), str(actual)))
Initializing test directory /tmp/test_s_9jiwf
waiting for async operation opid-139706f0-7f9f-4b8e-9da7-9ddafb70e556
waiting for async operation opid-3786d7d8-3115-46bf-888d-b354cb145ea6
waiting for async operation opid-6c62dfb5-91fd-4eaa-86ab-c8ea13210eae
Assertion failed: (left == right)
  left: <3>
 right: <2>
Stopping nodes
Cleaning up
Failed
!!! FAIL: wallet_listnotes.py (146s) !!!



Tests completed: 1
successes 0; failures: 1

Failing tests: wallet_listnotes.py
=== Running testscript wallet_listnotes.py ===
  File "/home/pherder/zcashes/python_upgrade/qa/rpc-tests/test_framework/test_framework.py", line 121, in main
    self.run_test()
  File "/home/pherder/zcashes/python_upgrade/qa/rpc-tests/wallet_listnotes.py", line 79, in run_test
    assert_equal(len(unspent_tx), 2)
  File "/home/pherder/zcashes/python_upgrade/qa/rpc-tests/test_framework/util.py", line 388, in assert_equal
    raise AssertionError("(left == right)%s\n  left: <%s>\n right: <%s>" % (message, str(expected), str(actual)))
Initializing test directory /tmp/testb7y8qg97
waiting for async operation opid-d1d23a6d-1b1c-4e01-af40-381ba11e8ae4
waiting for async operation opid-c9b14681-e476-4796-9bf4-c7b96fb42b5a
Assertion failed: (left == right)
  left: <0>
 right: <2>
Stopping nodes
Cleaning up
Failed
!!! FAIL: wallet_listnotes.py (144s) !!!



Tests completed: 1
successes 0; failures: 1

Failing tests: wallet_listnotes.py
=== Running testscript wallet_listnotes.py ===
  File "/home/pherder/zcashes/python_upgrade/qa/rpc-tests/test_framework/test_framework.py", line 121, in main
    self.run_test()
  File "/home/pherder/zcashes/python_upgrade/qa/rpc-tests/wallet_listnotes.py", line 79, in run_test
    assert_equal(len(unspent_tx), 2)
  File "/home/pherder/zcashes/python_upgrade/qa/rpc-tests/test_framework/util.py", line 388, in assert_equal
    raise AssertionError("(left == right)%s\n  left: <%s>\n right: <%s>" % (message, str(expected), str(actual)))
Initializing test directory /tmp/testywlmzjce
waiting for async operation opid-cf3b119f-c5f4-4091-8f46-485ecd94f39d
waiting for async operation opid-7258033e-d9d7-4fd7-946f-df0a645b3788
Assertion failed: (left == right)
  left: <0>
 right: <2>
Stopping nodes
Cleaning up
Failed
!!! FAIL: wallet_listnotes.py (142s) !!!



Tests completed: 1
successes 0; failures: 1

Failing tests: wallet_listnotes.py
=== Running testscript wallet_listnotes.py ===
Initializing test directory /tmp/test_lz2_30b
waiting for async operation opid-2781ff60-7571-40bf-bc72-3ae7f0b35573
waiting for async operation opid-704ef4ae-8628-485e-b994-c9dc6afbd889
waiting for async operation opid-2724d1ee-9ee7-4d0c-ab84-c529ab7f5a28
Stopping nodes
Cleaning up
Tests successful
--- Success: wallet_listnotes.py (146s) ---



Tests completed: 1
successes 1; failures: 0
=== Running testscript wallet_listnotes.py ===
  File "/home/pherder/zcashes/python_upgrade/qa/rpc-tests/test_framework/test_framework.py", line 121, in main
    self.run_test()
  File "/home/pherder/zcashes/python_upgrade/qa/rpc-tests/wallet_listnotes.py", line 79, in run_test
    assert_equal(len(unspent_tx), 2)
  File "/home/pherder/zcashes/python_upgrade/qa/rpc-tests/test_framework/util.py", line 388, in assert_equal
    raise AssertionError("(left == right)%s\n  left: <%s>\n right: <%s>" % (message, str(expected), str(actual)))
Initializing test directory /tmp/test0hj540od
waiting for async operation opid-f48aecf1-2d14-4591-aadc-ca479fbc3783
waiting for async operation opid-716100bd-1f30-4ab7-bf1e-5c1580604bbe
Assertion failed: (left == right)
  left: <0>
 right: <2>
Stopping nodes
Cleaning up
Failed
!!! FAIL: wallet_listnotes.py (141s) !!!



Tests completed: 1
successes 0; failures: 1

Failing tests: wallet_listnotes.py
=== Running testscript wallet_listnotes.py ===
Initializing test directory /tmp/testjnvop231
waiting for async operation opid-33e5c151-bb6d-4e29-b964-c0dd3cf2172c
waiting for async operation opid-1024a00c-0436-4730-9d32-0cffd0da83c7
waiting for async operation opid-cefb101d-f579-4159-ae7c-c415b2feeec3
Stopping nodes
Cleaning up
Tests successful
--- Success: wallet_listnotes.py (145s) ---



Tests completed: 1
successes 1; failures: 0
=== Running testscript wallet_listnotes.py ===
  File "/home/pherder/zcashes/python_upgrade/qa/rpc-tests/test_framework/test_framework.py", line 121, in main
    self.run_test()
  File "/home/pherder/zcashes/python_upgrade/qa/rpc-tests/wallet_listnotes.py", line 79, in run_test
    assert_equal(len(unspent_tx), 2)
  File "/home/pherder/zcashes/python_upgrade/qa/rpc-tests/test_framework/util.py", line 388, in assert_equal
    raise AssertionError("(left == right)%s\n  left: <%s>\n right: <%s>" % (message, str(expected), str(actual)))
Initializing test directory /tmp/testqq1m_55q
waiting for async operation opid-f6523a41-d7e9-4768-aca5-4a5dc4e6439b
waiting for async operation opid-3ccd186c-e62e-42b4-965f-a05bf82175a5
Assertion failed: (left == right)
  left: <0>
 right: <2>
Stopping nodes
Cleaning up
Failed
!!! FAIL: wallet_listnotes.py (151s) !!!



Tests completed: 1
successes 0; failures: 1

Failing tests: wallet_listnotes.py
=== Running testscript wallet_listnotes.py ===
  File "/home/pherder/zcashes/python_upgrade/qa/rpc-tests/test_framework/test_framework.py", line 121, in main
    self.run_test()
  File "/home/pherder/zcashes/python_upgrade/qa/rpc-tests/wallet_listnotes.py", line 79, in run_test
    assert_equal(len(unspent_tx), 2)
  File "/home/pherder/zcashes/python_upgrade/qa/rpc-tests/test_framework/util.py", line 388, in assert_equal
    raise AssertionError("(left == right)%s\n  left: <%s>\n right: <%s>" % (message, str(expected), str(actual)))
Initializing test directory /tmp/test_516z5zp
waiting for async operation opid-a9bbe9ef-12b5-46dc-99cd-2e0d1528c557
waiting for async operation opid-0d34e223-84aa-4eb1-b449-909b43329238
Assertion failed: (left == right)
  left: <0>
 right: <2>
Stopping nodes
Cleaning up
Failed
!!! FAIL: wallet_listnotes.py (143s) !!!



Tests completed: 1
successes 0; failures: 1

Failing tests: wallet_listnotes.py
=== Running testscript wallet_listnotes.py ===
  File "/home/pherder/zcashes/python_upgrade/qa/rpc-tests/test_framework/test_framework.py", line 121, in main
    self.run_test()
  File "/home/pherder/zcashes/python_upgrade/qa/rpc-tests/wallet_listnotes.py", line 114, in run_test
    assert_equal(3, len(unspent_tx))
  File "/home/pherder/zcashes/python_upgrade/qa/rpc-tests/test_framework/util.py", line 388, in assert_equal
    raise AssertionError("(left == right)%s\n  left: <%s>\n right: <%s>" % (message, str(expected), str(actual)))
Initializing test directory /tmp/test4g9_84et
waiting for async operation opid-47b95c83-97d9-4b17-96f7-5b692aee4c06
waiting for async operation opid-2a460acc-65b4-422c-89cb-0effaadcf5fc
waiting for async operation opid-a8ba7c18-3f12-4c6b-ac0f-ef5f2057a65a
Assertion failed: (left == right)
  left: <3>
 right: <2>
Stopping nodes
Cleaning up
Failed
!!! FAIL: wallet_listnotes.py (147s) !!!



Tests completed: 1
successes 0; failures: 1

Failing tests: wallet_listnotes.py
=== Running testscript wallet_listnotes.py ===
  File "/home/pherder/zcashes/python_upgrade/qa/rpc-tests/test_framework/test_framework.py", line 121, in main
    self.run_test()
  File "/home/pherder/zcashes/python_upgrade/qa/rpc-tests/wallet_listnotes.py", line 79, in run_test
    assert_equal(len(unspent_tx), 2)
  File "/home/pherder/zcashes/python_upgrade/qa/rpc-tests/test_framework/util.py", line 388, in assert_equal
    raise AssertionError("(left == right)%s\n  left: <%s>\n right: <%s>" % (message, str(expected), str(actual)))
Initializing test directory /tmp/testvnd49qa_
waiting for async operation opid-ba776983-f558-4796-8c17-5cb467129abe
waiting for async operation opid-8e13eeba-298c-40c0-8b17-d54cd15da970
Assertion failed: (left == right)
  left: <0>
 right: <2>
Stopping nodes
Cleaning up
Failed
!!! FAIL: wallet_listnotes.py (143s) !!!



Tests completed: 1
successes 0; failures: 1

Failing tests: wallet_listnotes.py
=== Running testscript wallet_listnotes.py ===
Initializing test directory /tmp/testrr043hil
waiting for async operation opid-c76d730e-ef6a-45d0-81a7-e987ad94ada6
waiting for async operation opid-5c2e2ff5-480d-4e85-b87b-4e388eff11b2
waiting for async operation opid-07217559-a0c3-4426-892f-77cf1f67f92d
Stopping nodes
Cleaning up
Tests successful
--- Success: wallet_listnotes.py (144s) ---



Tests completed: 1
successes 1; failures: 0
=== Running testscript wallet_listnotes.py ===
Initializing test directory /tmp/test79_y80m9
waiting for async operation opid-400f8bb8-d9dd-4df1-8314-70a40ae371f4
waiting for async operation opid-cd3ad633-b644-4365-9273-c5f3f30d6914
waiting for async operation opid-a97a858a-9191-4373-9d65-987feb0fc2f8
Stopping nodes
Cleaning up
Tests successful
--- Success: wallet_listnotes.py (149s) ---



Tests completed: 1
successes 1; failures: 0
=== Running testscript wallet_listnotes.py ===
  File "/home/pherder/zcashes/python_upgrade/qa/rpc-tests/test_framework/test_framework.py", line 121, in main
    self.run_test()
  File "/home/pherder/zcashes/python_upgrade/qa/rpc-tests/wallet_listnotes.py", line 114, in run_test
    assert_equal(3, len(unspent_tx))
  File "/home/pherder/zcashes/python_upgrade/qa/rpc-tests/test_framework/util.py", line 388, in assert_equal
    raise AssertionError("(left == right)%s\n  left: <%s>\n right: <%s>" % (message, str(expected), str(actual)))
Initializing test directory /tmp/testyt9mu09i
waiting for async operation opid-4af1710f-e736-4beb-b0dc-d2b71df1a16d
waiting for async operation opid-e4f1c03e-5dae-4d16-b07c-dc8bcfea1853
waiting for async operation opid-d3632a42-ed30-426e-8a07-5d3a614f9f12
Assertion failed: (left == right)
  left: <3>
 right: <2>
Stopping nodes
Cleaning up
Failed
!!! FAIL: wallet_listnotes.py (141s) !!!



Tests completed: 1
successes 0; failures: 1

Failing tests: wallet_listnotes.py
=== Running testscript wallet_listnotes.py ===
  File "/home/pherder/zcashes/python_upgrade/qa/rpc-tests/test_framework/test_framework.py", line 121, in main
    self.run_test()
  File "/home/pherder/zcashes/python_upgrade/qa/rpc-tests/wallet_listnotes.py", line 79, in run_test
    assert_equal(len(unspent_tx), 2)
  File "/home/pherder/zcashes/python_upgrade/qa/rpc-tests/test_framework/util.py", line 388, in assert_equal
    raise AssertionError("(left == right)%s\n  left: <%s>\n right: <%s>" % (message, str(expected), str(actual)))
Initializing test directory /tmp/test48vn6b8q
waiting for async operation opid-96a0f584-6fa6-4ef7-a261-d7cf2340e9b6
waiting for async operation opid-6206ee04-2b99-4878-a096-30ce4646b02b
Assertion failed: (left == right)
  left: <0>
 right: <2>
Stopping nodes
Cleaning up
Failed
!!! FAIL: wallet_listnotes.py (138s) !!!



Tests completed: 1
successes 0; failures: 1

Failing tests: wallet_listnotes.py
=== Running testscript wallet_listnotes.py ===
  File "/home/pherder/zcashes/python_upgrade/qa/rpc-tests/test_framework/test_framework.py", line 121, in main
    self.run_test()
  File "/home/pherder/zcashes/python_upgrade/qa/rpc-tests/wallet_listnotes.py", line 114, in run_test
    assert_equal(3, len(unspent_tx))
  File "/home/pherder/zcashes/python_upgrade/qa/rpc-tests/test_framework/util.py", line 388, in assert_equal
    raise AssertionError("(left == right)%s\n  left: <%s>\n right: <%s>" % (message, str(expected), str(actual)))
Initializing test directory /tmp/testc793ma18
waiting for async operation opid-aca59291-a51a-4e25-8796-2ab1e6e2a414
waiting for async operation opid-e8383f48-88c5-47d7-9838-e5bd4be40a3c
waiting for async operation opid-d2d349f5-3e89-4c5f-854d-adf1e060f05f
Assertion failed: (left == right)
  left: <3>
 right: <2>
Stopping nodes
Cleaning up
Failed
!!! FAIL: wallet_listnotes.py (143s) !!!



Tests completed: 1
successes 0; failures: 1

Failing tests: wallet_listnotes.py
=== Running testscript wallet_listnotes.py ===
Initializing test directory /tmp/testh4nkat1f
waiting for async operation opid-93813a8a-8264-449f-a56a-0a96bc25637e
waiting for async operation opid-b749983c-163f-4c12-8f1c-441c64102277
waiting for async operation opid-09e13805-5ff2-4cd2-bc8c-ad33b64873ac
Stopping nodes
Cleaning up
Tests successful
--- Success: wallet_listnotes.py (144s) ---



Tests completed: 1
successes 1; failures: 0
=== Running testscript wallet_listnotes.py ===
  File "/home/pherder/zcashes/python_upgrade/qa/rpc-tests/test_framework/test_framework.py", line 121, in main
    self.run_test()
  File "/home/pherder/zcashes/python_upgrade/qa/rpc-tests/wallet_listnotes.py", line 114, in run_test
    assert_equal(3, len(unspent_tx))
  File "/home/pherder/zcashes/python_upgrade/qa/rpc-tests/test_framework/util.py", line 388, in assert_equal
    raise AssertionError("(left == right)%s\n  left: <%s>\n right: <%s>" % (message, str(expected), str(actual)))
Initializing test directory /tmp/testrmo2wpzx
waiting for async operation opid-2efcac41-eef0-4cc8-936f-f59ee81f9312
waiting for async operation opid-983d7f32-b8a0-4e47-9aa7-ff382e30000c
waiting for async operation opid-2e505b03-8f4f-430b-a183-4a20720bfaf3
Assertion failed: (left == right)
  left: <3>
 right: <2>
Stopping nodes
Cleaning up
Failed
!!! FAIL: wallet_listnotes.py (136s) !!!



Tests completed: 1
successes 0; failures: 1

Failing tests: wallet_listnotes.py
=== Running testscript wallet_listnotes.py ===
  File "/home/pherder/zcashes/python_upgrade/qa/rpc-tests/test_framework/test_framework.py", line 121, in main
    self.run_test()
  File "/home/pherder/zcashes/python_upgrade/qa/rpc-tests/wallet_listnotes.py", line 114, in run_test
    assert_equal(3, len(unspent_tx))
  File "/home/pherder/zcashes/python_upgrade/qa/rpc-tests/test_framework/util.py", line 388, in assert_equal
    raise AssertionError("(left == right)%s\n  left: <%s>\n right: <%s>" % (message, str(expected), str(actual)))
Initializing test directory /tmp/test5im3q20v
waiting for async operation opid-6df7ef39-f947-49ca-9b09-a3eb81b5d165
waiting for async operation opid-98c1b14f-31ff-471a-bbc7-086220e28798
waiting for async operation opid-3ec2967d-384c-41fa-95e8-c44dd199e687
Assertion failed: (left == right)
  left: <3>
 right: <2>
Stopping nodes
Cleaning up
Failed
!!! FAIL: wallet_listnotes.py (139s) !!!



Tests completed: 1
successes 0; failures: 1

Failing tests: wallet_listnotes.py
=== Running testscript wallet_listnotes.py ===
  File "/home/pherder/zcashes/python_upgrade/qa/rpc-tests/test_framework/test_framework.py", line 121, in main
    self.run_test()
  File "/home/pherder/zcashes/python_upgrade/qa/rpc-tests/wallet_listnotes.py", line 49, in run_test
    assert_equal(1, len(unspent_cb))
  File "/home/pherder/zcashes/python_upgrade/qa/rpc-tests/test_framework/util.py", line 388, in assert_equal
    raise AssertionError("(left == right)%s\n  left: <%s>\n right: <%s>" % (message, str(expected), str(actual)))
Initializing test directory /tmp/testve5z0rk6
waiting for async operation opid-05fd0c1d-35d8-4bf0-b75c-226ea969d0ea
Assertion failed: (left == right)
  left: <1>
 right: <0>
Stopping nodes
Cleaning up
Failed
!!! FAIL: wallet_listnotes.py (101s) !!!



Tests completed: 1
successes 0; failures: 1

Failing tests: wallet_listnotes.py
=== Running testscript wallet_listnotes.py ===
  File "/home/pherder/zcashes/python_upgrade/qa/rpc-tests/test_framework/test_framework.py", line 121, in main
    self.run_test()
  File "/home/pherder/zcashes/python_upgrade/qa/rpc-tests/wallet_listnotes.py", line 114, in run_test
    assert_equal(3, len(unspent_tx))
  File "/home/pherder/zcashes/python_upgrade/qa/rpc-tests/test_framework/util.py", line 388, in assert_equal
    raise AssertionError("(left == right)%s\n  left: <%s>\n right: <%s>" % (message, str(expected), str(actual)))
Initializing test directory /tmp/test0g3f9fbm
waiting for async operation opid-0f438dc6-e2b8-4c43-b204-c577aa15053e
waiting for async operation opid-eb87be5d-9ef0-49dd-9901-75f2c7271139
waiting for async operation opid-2bb0c1f7-08fa-4f9a-bab3-9f9e5a1fd2ef
Assertion failed: (left == right)
  left: <3>
 right: <2>
Stopping nodes
Cleaning up
Failed
!!! FAIL: wallet_listnotes.py (136s) !!!



Tests completed: 1
successes 0; failures: 1

Failing tests: wallet_listnotes.py
=== Running testscript wallet_listnotes.py ===
Initializing test directory /tmp/testsgf7dc60
waiting for async operation opid-4c42375a-dfd2-401a-8021-66de238fd137
waiting for async operation opid-38517a64-91f0-4f78-8bdb-6b8ab803c99b
waiting for async operation opid-1849ca4c-49c4-4f68-abef-d1da3dc5fac3
Stopping nodes
Cleaning up
Tests successful
--- Success: wallet_listnotes.py (2139s) ---



Tests completed: 1
successes 1; failures: 0
=== Running testscript wallet_listnotes.py ===
  File "/home/pherder/zcashes/python_upgrade/qa/rpc-tests/test_framework/test_framework.py", line 121, in main
    self.run_test()
  File "/home/pherder/zcashes/python_upgrade/qa/rpc-tests/wallet_listnotes.py", line 79, in run_test
    assert_equal(len(unspent_tx), 2)
  File "/home/pherder/zcashes/python_upgrade/qa/rpc-tests/test_framework/util.py", line 388, in assert_equal
    raise AssertionError("(left == right)%s\n  left: <%s>\n right: <%s>" % (message, str(expected), str(actual)))
Initializing test directory /tmp/testz7vb39ku
waiting for async operation opid-da30c6df-3b49-46cb-8220-9813f30de5b8
waiting for async operation opid-fcca1c2b-704b-4958-93f5-1b80e1eae2a3
Assertion failed: (left == right)
  left: <0>
 right: <2>
Stopping nodes
Cleaning up
Failed
!!! FAIL: wallet_listnotes.py (145s) !!!



Tests completed: 1
successes 0; failures: 1

Failing tests: wallet_listnotes.py
=== Running testscript wallet_listnotes.py ===
  File "/home/pherder/zcashes/python_upgrade/qa/rpc-tests/test_framework/test_framework.py", line 121, in main
    self.run_test()
  File "/home/pherder/zcashes/python_upgrade/qa/rpc-tests/wallet_listnotes.py", line 114, in run_test
    assert_equal(3, len(unspent_tx))
  File "/home/pherder/zcashes/python_upgrade/qa/rpc-tests/test_framework/util.py", line 388, in assert_equal
    raise AssertionError("(left == right)%s\n  left: <%s>\n right: <%s>" % (message, str(expected), str(actual)))
Initializing test directory /tmp/test6co1v4w2
waiting for async operation opid-6dea324d-eb62-4316-be3a-5f9617e245e5
waiting for async operation opid-c3ff6f91-78df-49d9-ba14-9848872ed02c
waiting for async operation opid-dec017bb-2dec-478b-8846-da67457a9f0e
Assertion failed: (left == right)
  left: <3>
 right: <2>
Stopping nodes
Cleaning up
Failed
!!! FAIL: wallet_listnotes.py (149s) !!!



Tests completed: 1
successes 0; failures: 1

Failing tests: wallet_listnotes.py
=== Running testscript wallet_listnotes.py ===
  File "/home/pherder/zcashes/python_upgrade/qa/rpc-tests/test_framework/test_framework.py", line 121, in main
    self.run_test()
  File "/home/pherder/zcashes/python_upgrade/qa/rpc-tests/wallet_listnotes.py", line 114, in run_test
    assert_equal(3, len(unspent_tx))
  File "/home/pherder/zcashes/python_upgrade/qa/rpc-tests/test_framework/util.py", line 388, in assert_equal
    raise AssertionError("(left == right)%s\n  left: <%s>\n right: <%s>" % (message, str(expected), str(actual)))
Initializing test directory /tmp/testlue1utzb
waiting for async operation opid-da46d731-0426-4476-b382-5bcbedd0f7a6
waiting for async operation opid-d9074ab1-61d3-4af4-afa2-67795ed569a6
waiting for async operation opid-f3d3f93d-5816-4bb8-a8d4-61ccfb64a0bd
Assertion failed: (left == right)
  left: <3>
 right: <2>
Stopping nodes
Cleaning up
Failed
!!! FAIL: wallet_listnotes.py (146s) !!!



Tests completed: 1
successes 0; failures: 1

Failing tests: wallet_listnotes.py
=== Running testscript wallet_listnotes.py ===
Initializing test directory /tmp/testdmn0pggo
waiting for async operation opid-7337ffd5-4b09-46f5-ad86-b0511c5a11c7
waiting for async operation opid-660b24de-df45-42e2-b3a1-e78605f40629
waiting for async operation opid-e4f2db21-b49d-4b78-b5d9-667d9d23e174
Stopping nodes
Cleaning up
Tests successful
--- Success: wallet_listnotes.py (143s) ---



Tests completed: 1
successes 1; failures: 0
=== Running testscript wallet_listnotes.py ===
Initializing test directory /tmp/testpfpmxdz_
waiting for async operation opid-eea35d17-1d17-477b-abad-d0885b11ce40
waiting for async operation opid-2f59a64c-f1ce-496d-9b4b-0a4789c07388
waiting for async operation opid-688c8dfe-7b96-43c2-ab8f-fb66ee4dbdcb
Stopping nodes
Cleaning up
Tests successful
--- Success: wallet_listnotes.py (147s) ---



Tests completed: 1
successes 1; failures: 0
=== Running testscript wallet_listnotes.py ===
  File "/home/pherder/zcashes/python_upgrade/qa/rpc-tests/test_framework/test_framework.py", line 121, in main
    self.run_test()
  File "/home/pherder/zcashes/python_upgrade/qa/rpc-tests/wallet_listnotes.py", line 114, in run_test
    assert_equal(3, len(unspent_tx))
  File "/home/pherder/zcashes/python_upgrade/qa/rpc-tests/test_framework/util.py", line 388, in assert_equal
    raise AssertionError("(left == right)%s\n  left: <%s>\n right: <%s>" % (message, str(expected), str(actual)))
Initializing test directory /tmp/testza1e8wom
waiting for async operation opid-a316bc2c-88a5-4b74-ac5c-bce10a21212b
waiting for async operation opid-e0564ea5-ed42-4b1c-9979-0e9759b918bb
waiting for async operation opid-a7afec6a-8570-455b-9957-eab2891cc89c
Assertion failed: (left == right)
  left: <3>
 right: <2>
Stopping nodes
Cleaning up
Failed
!!! FAIL: wallet_listnotes.py (143s) !!!



Tests completed: 1
successes 0; failures: 1

Failing tests: wallet_listnotes.py
=== Running testscript wallet_listnotes.py ===
Initializing test directory /tmp/testcp5fh5eh
waiting for async operation opid-2740af5f-dbb4-4717-8131-ce3874ee5927
waiting for async operation opid-fab4016a-fe9e-4635-bbca-29118ec6ad96
waiting for async operation opid-7dc5d129-2f07-470c-b877-ff130b504500
Stopping nodes
Cleaning up
Tests successful
--- Success: wallet_listnotes.py (146s) ---



Tests completed: 1
successes 1; failures: 0
=== Running testscript wallet_listnotes.py ===
Initializing test directory /tmp/test5xveb_4o
waiting for async operation opid-0014b677-c4f0-4055-ac51-c69cd441d1cd
waiting for async operation opid-fa50ef2b-91ce-40d6-9a8a-8b0565a6c027
waiting for async operation opid-d2ae59de-fe8f-4e52-87d3-5c9396e3caf6
Stopping nodes
Cleaning up
Tests successful
--- Success: wallet_listnotes.py (144s) ---



Tests completed: 1
successes 1; failures: 0
=== Running testscript wallet_listnotes.py ===
Initializing test directory /tmp/testg3m_6xve
waiting for async operation opid-0a680c8f-fb0e-4d92-92ca-e7143b5de745
waiting for async operation opid-5f0205c7-e359-4eb5-9bb5-d72eeb7a0a02
waiting for async operation opid-75c01d1b-12dc-4a0f-bb51-dde5d899bad3
Stopping nodes
Cleaning up
Tests successful
--- Success: wallet_listnotes.py (145s) ---



Tests completed: 1
successes 1; failures: 0
=== Running testscript wallet_listnotes.py ===
Initializing test directory /tmp/test1ifkuae_
waiting for async operation opid-f4f603d2-f66b-486c-bbd7-d50ba73b6f8f
waiting for async operation opid-2bec8791-e873-42ff-a779-6fea377b7d12
waiting for async operation opid-ae14ea15-14f2-40b2-8b2b-326bfe1017f0
Stopping nodes
Cleaning up
Tests successful
--- Success: wallet_listnotes.py (142s) ---



Tests completed: 1
successes 1; failures: 0
=== Running testscript wallet_listnotes.py ===
Initializing test directory /tmp/test89blx22z
waiting for async operation opid-70e6df02-3146-4937-b29f-6f63ed6927dd
waiting for async operation opid-ee2c0a35-9b4d-4c5e-a073-58b796ad3b53
waiting for async operation opid-491e60d2-3ff3-4096-9a91-aa4f6664ebd4
Stopping nodes
Cleaning up
Tests successful
--- Success: wallet_listnotes.py (146s) ---



Tests completed: 1
successes 1; failures: 0
=== Running testscript wallet_listnotes.py ===
  File "/home/pherder/zcashes/python_upgrade/qa/rpc-tests/test_framework/test_framework.py", line 121, in main
    self.run_test()
  File "/home/pherder/zcashes/python_upgrade/qa/rpc-tests/wallet_listnotes.py", line 79, in run_test
    assert_equal(len(unspent_tx), 2)
  File "/home/pherder/zcashes/python_upgrade/qa/rpc-tests/test_framework/util.py", line 388, in assert_equal
    raise AssertionError("(left == right)%s\n  left: <%s>\n right: <%s>" % (message, str(expected), str(actual)))
Initializing test directory /tmp/testdoarcfjj
waiting for async operation opid-5e63c000-8441-4745-bbc3-d8d8fcf86626
waiting for async operation opid-0f6ba884-39bb-4a64-9f41-af1de807256d
Assertion failed: (left == right)
  left: <0>
 right: <2>
Stopping nodes
Cleaning up
Failed
!!! FAIL: wallet_listnotes.py (139s) !!!



Tests completed: 1
successes 0; failures: 1

Failing tests: wallet_listnotes.py
=== Running testscript wallet_listnotes.py ===
  File "/home/pherder/zcashes/python_upgrade/qa/rpc-tests/test_framework/test_framework.py", line 121, in main
    self.run_test()
  File "/home/pherder/zcashes/python_upgrade/qa/rpc-tests/wallet_listnotes.py", line 49, in run_test
    assert_equal(1, len(unspent_cb))
  File "/home/pherder/zcashes/python_upgrade/qa/rpc-tests/test_framework/util.py", line 388, in assert_equal
    raise AssertionError("(left == right)%s\n  left: <%s>\n right: <%s>" % (message, str(expected), str(actual)))
Initializing test directory /tmp/testln4dkxif
waiting for async operation opid-b633e117-96ce-4741-9a25-ef8a389c4c40
Assertion failed: (left == right)
  left: <1>
 right: <0>
Stopping nodes
Cleaning up
Failed
!!! FAIL: wallet_listnotes.py (107s) !!!



Tests completed: 1
successes 0; failures: 1

Failing tests: wallet_listnotes.py
=== Running testscript wallet_listnotes.py ===
Initializing test directory /tmp/testgncc_wwd
waiting for async operation opid-e8ff99d5-061b-44f6-be83-3c17bdb5f0a7
waiting for async operation opid-036778d8-5d57-44f1-a2ce-efdb5dc8a28d
waiting for async operation opid-a1c0500e-217c-4ec1-afc1-e06fab2628c1
Stopping nodes
Cleaning up
Tests successful
--- Success: wallet_listnotes.py (149s) ---



Tests completed: 1
successes 1; failures: 0
=== Running testscript wallet_listnotes.py ===
  File "/home/pherder/zcashes/python_upgrade/qa/rpc-tests/test_framework/test_framework.py", line 121, in main
    self.run_test()
  File "/home/pherder/zcashes/python_upgrade/qa/rpc-tests/wallet_listnotes.py", line 114, in run_test
    assert_equal(3, len(unspent_tx))
  File "/home/pherder/zcashes/python_upgrade/qa/rpc-tests/test_framework/util.py", line 388, in assert_equal
    raise AssertionError("(left == right)%s\n  left: <%s>\n right: <%s>" % (message, str(expected), str(actual)))
Initializing test directory /tmp/test4mnitjme
waiting for async operation opid-9db267ed-991c-4086-945d-608095edc3a2
waiting for async operation opid-d2f8db82-e482-43e4-b0d6-11cb796da784
waiting for async operation opid-9db106e3-6bef-4e44-8e25-ffabe1a74c89
Assertion failed: (left == right)
  left: <3>
 right: <2>
Stopping nodes
Cleaning up
Failed
!!! FAIL: wallet_listnotes.py (145s) !!!



Tests completed: 1
successes 0; failures: 1

Failing tests: wallet_listnotes.py
=== Running testscript wallet_listnotes.py ===
  File "/home/pherder/zcashes/python_upgrade/qa/rpc-tests/test_framework/test_framework.py", line 121, in main
    self.run_test()
  File "/home/pherder/zcashes/python_upgrade/qa/rpc-tests/wallet_listnotes.py", line 79, in run_test
    assert_equal(len(unspent_tx), 2)
  File "/home/pherder/zcashes/python_upgrade/qa/rpc-tests/test_framework/util.py", line 388, in assert_equal
    raise AssertionError("(left == right)%s\n  left: <%s>\n right: <%s>" % (message, str(expected), str(actual)))
Initializing test directory /tmp/testg30t5wpj
waiting for async operation opid-5ee870bc-7804-44cc-8a35-c9dedd0aa7b1
waiting for async operation opid-0ceeacf3-b914-43cc-8805-5cbaaf9495c8
Assertion failed: (left == right)
  left: <0>
 right: <2>
Stopping nodes
Cleaning up
Failed
!!! FAIL: wallet_listnotes.py (139s) !!!



Tests completed: 1
successes 0; failures: 1

Failing tests: wallet_listnotes.py
=== Running testscript wallet_listnotes.py ===
  File "/home/pherder/zcashes/python_upgrade/qa/rpc-tests/test_framework/test_framework.py", line 121, in main
    self.run_test()
  File "/home/pherder/zcashes/python_upgrade/qa/rpc-tests/wallet_listnotes.py", line 79, in run_test
    assert_equal(len(unspent_tx), 2)
  File "/home/pherder/zcashes/python_upgrade/qa/rpc-tests/test_framework/util.py", line 388, in assert_equal
    raise AssertionError("(left == right)%s\n  left: <%s>\n right: <%s>" % (message, str(expected), str(actual)))
Initializing test directory /tmp/testrsb9f6uf
waiting for async operation opid-f1021d5e-1eb1-40f0-aca6-2cc79477a6c3
waiting for async operation opid-2166f80f-cb09-47c2-932b-4ef1991e8464
Assertion failed: (left == right)
  left: <0>
 right: <2>
Stopping nodes
Cleaning up
Failed
!!! FAIL: wallet_listnotes.py (145s) !!!



Tests completed: 1
successes 0; failures: 1

Failing tests: wallet_listnotes.py
=== Running testscript wallet_listnotes.py ===
  File "/home/pherder/zcashes/python_upgrade/qa/rpc-tests/test_framework/test_framework.py", line 121, in main
    self.run_test()
  File "/home/pherder/zcashes/python_upgrade/qa/rpc-tests/wallet_listnotes.py", line 49, in run_test
    assert_equal(1, len(unspent_cb))
  File "/home/pherder/zcashes/python_upgrade/qa/rpc-tests/test_framework/util.py", line 388, in assert_equal
    raise AssertionError("(left == right)%s\n  left: <%s>\n right: <%s>" % (message, str(expected), str(actual)))
Initializing test directory /tmp/testa_4ws_dh
waiting for async operation opid-989a69ed-34d1-404d-9c7e-dfcec84e35f8
Assertion failed: (left == right)
  left: <1>
 right: <0>
Stopping nodes
Cleaning up
Failed
!!! FAIL: wallet_listnotes.py (109s) !!!



Tests completed: 1
successes 0; failures: 1

Failing tests: wallet_listnotes.py
=== Running testscript wallet_listnotes.py ===
Initializing test directory /tmp/testd72zzro9
waiting for async operation opid-a771fd53-1e94-4a7e-bc1e-3a0afddec58b
waiting for async operation opid-c869b95d-7b89-43f3-854c-793d7ec0f44c
waiting for async operation opid-eb3e7f3c-45ca-4836-befb-68c7d67320a0
Stopping nodes
Cleaning up
Tests successful
--- Success: wallet_listnotes.py (144s) ---



Tests completed: 1
successes 1; failures: 0
=== Running testscript wallet_listnotes.py ===
  File "/home/pherder/zcashes/python_upgrade/qa/rpc-tests/test_framework/test_framework.py", line 121, in main
    self.run_test()
  File "/home/pherder/zcashes/python_upgrade/qa/rpc-tests/wallet_listnotes.py", line 114, in run_test
    assert_equal(3, len(unspent_tx))
  File "/home/pherder/zcashes/python_upgrade/qa/rpc-tests/test_framework/util.py", line 388, in assert_equal
    raise AssertionError("(left == right)%s\n  left: <%s>\n right: <%s>" % (message, str(expected), str(actual)))
Initializing test directory /tmp/test25xszfq8
waiting for async operation opid-772e668a-88fb-4c18-90e6-6c66c3567c8c
waiting for async operation opid-78271758-348d-4c44-b28c-622595df24b5
waiting for async operation opid-310cc2b0-2c27-474b-8330-3220751859f0
Assertion failed: (left == right)
  left: <3>
 right: <2>
Stopping nodes
Cleaning up
Failed
!!! FAIL: wallet_listnotes.py (150s) !!!



Tests completed: 1
successes 0; failures: 1

Failing tests: wallet_listnotes.py
=== Running testscript wallet_listnotes.py ===
Initializing test directory /tmp/test3c8hco2f
waiting for async operation opid-1446f18d-ed35-4131-a63d-fc6e3321be7e
waiting for async operation opid-0551b22b-7f36-45cb-ad07-f7b54d6b6ee7
waiting for async operation opid-0850d81b-7c5c-4ac2-ab49-907c5bad98e1
Stopping nodes
Cleaning up
Tests successful
--- Success: wallet_listnotes.py (144s) ---



Tests completed: 1
successes 1; failures: 0
=== Running testscript wallet_listnotes.py ===
  File "/home/pherder/zcashes/python_upgrade/qa/rpc-tests/test_framework/test_framework.py", line 121, in main
    self.run_test()
  File "/home/pherder/zcashes/python_upgrade/qa/rpc-tests/wallet_listnotes.py", line 114, in run_test
    assert_equal(3, len(unspent_tx))
  File "/home/pherder/zcashes/python_upgrade/qa/rpc-tests/test_framework/util.py", line 388, in assert_equal
    raise AssertionError("(left == right)%s\n  left: <%s>\n right: <%s>" % (message, str(expected), str(actual)))
Initializing test directory /tmp/test99xpemzs
waiting for async operation opid-b596fac5-a036-4020-bb72-8351b08bf5c4
waiting for async operation opid-e9b8622b-7a3e-4481-971f-ba130a557b43
waiting for async operation opid-47582c9f-2145-4278-82f1-a4de74b54eea
Assertion failed: (left == right)
  left: <3>
 right: <2>
Stopping nodes
Cleaning up
Failed
!!! FAIL: wallet_listnotes.py (145s) !!!



Tests completed: 1
successes 0; failures: 1

Failing tests: wallet_listnotes.py
=== Running testscript wallet_listnotes.py ===
Initializing test directory /tmp/testqz20tm0c
waiting for async operation opid-01fca425-aeaa-42de-9a09-c54f11b9e7d7
waiting for async operation opid-6e2407e5-b1fa-4382-a140-748e5de12c47
waiting for async operation opid-3044b1f1-5756-43e3-8928-326d7c54e26b
Stopping nodes
Cleaning up
Tests successful
--- Success: wallet_listnotes.py (143s) ---



Tests completed: 1
successes 1; failures: 0
=== Running testscript wallet_listnotes.py ===
  File "/home/pherder/zcashes/python_upgrade/qa/rpc-tests/test_framework/test_framework.py", line 121, in main
    self.run_test()
  File "/home/pherder/zcashes/python_upgrade/qa/rpc-tests/wallet_listnotes.py", line 79, in run_test
    assert_equal(len(unspent_tx), 2)
  File "/home/pherder/zcashes/python_upgrade/qa/rpc-tests/test_framework/util.py", line 388, in assert_equal
    raise AssertionError("(left == right)%s\n  left: <%s>\n right: <%s>" % (message, str(expected), str(actual)))
Initializing test directory /tmp/test10hscx2r
waiting for async operation opid-12770f1a-ce5d-46f1-a0c7-ae2d2b295ba1
waiting for async operation opid-21059a6c-b4ac-4b67-85ac-dc375775f8e3
Assertion failed: (left == right)
  left: <0>
 right: <2>
Stopping nodes
Cleaning up
Failed
!!! FAIL: wallet_listnotes.py (146s) !!!



Tests completed: 1
successes 0; failures: 1

Failing tests: wallet_listnotes.py
=== Running testscript wallet_listnotes.py ===
  File "/home/pherder/zcashes/python_upgrade/qa/rpc-tests/test_framework/test_framework.py", line 121, in main
    self.run_test()
  File "/home/pherder/zcashes/python_upgrade/qa/rpc-tests/wallet_listnotes.py", line 79, in run_test
    assert_equal(len(unspent_tx), 2)
  File "/home/pherder/zcashes/python_upgrade/qa/rpc-tests/test_framework/util.py", line 388, in assert_equal
    raise AssertionError("(left == right)%s\n  left: <%s>\n right: <%s>" % (message, str(expected), str(actual)))
Initializing test directory /tmp/test68w9az5i
waiting for async operation opid-adbc6766-85fb-4070-b304-15d6fb84dd62
waiting for async operation opid-39f76ed1-e76b-471a-af0a-8ca158e1ae42
Assertion failed: (left == right)
  left: <0>
 right: <2>
Stopping nodes
Cleaning up
Failed
!!! FAIL: wallet_listnotes.py (143s) !!!



Tests completed: 1
successes 0; failures: 1

Failing tests: wallet_listnotes.py
=== Running testscript wallet_listnotes.py ===
  File "/home/pherder/zcashes/python_upgrade/qa/rpc-tests/test_framework/test_framework.py", line 121, in main
    self.run_test()
  File "/home/pherder/zcashes/python_upgrade/qa/rpc-tests/wallet_listnotes.py", line 79, in run_test
    assert_equal(len(unspent_tx), 2)
  File "/home/pherder/zcashes/python_upgrade/qa/rpc-tests/test_framework/util.py", line 388, in assert_equal
    raise AssertionError("(left == right)%s\n  left: <%s>\n right: <%s>" % (message, str(expected), str(actual)))
Initializing test directory /tmp/testbfbf2d1h
waiting for async operation opid-c67e99f1-8a42-4609-acde-b7dbf8fc66f6
waiting for async operation opid-e5e35cfa-9003-4768-a455-e46fc3352651
Assertion failed: (left == right)
  left: <0>
 right: <2>
Stopping nodes
Cleaning up
Failed
!!! FAIL: wallet_listnotes.py (145s) !!!



Tests completed: 1
successes 0; failures: 1

Failing tests: wallet_listnotes.py
